\BOOKMARK [0][-]{chapter.1}{Team\040Design\040Overview}{}% 1
\BOOKMARK [1][-]{section.1.1}{Hardware}{chapter.1}% 2
\BOOKMARK [1][-]{section.1.2}{Firmware}{chapter.1}% 3
\BOOKMARK [1][-]{section.1.3}{Software}{chapter.1}% 4
\BOOKMARK [0][-]{chapter.2}{Team\040Roles\040and\040Project\040Plan}{}% 5
\BOOKMARK [0][-]{chapter.3}{Team\040Communication\040Strategy}{}% 6
\BOOKMARK [1][-]{section.3.1}{Communication\040Methods}{chapter.3}% 7
\BOOKMARK [1][-]{section.3.2}{File\040Management}{chapter.3}% 8
\BOOKMARK [1][-]{section.3.3}{Meetings}{chapter.3}% 9
\BOOKMARK [1][-]{section.3.4}{Coding\040Practice}{chapter.3}% 10
\BOOKMARK [1][-]{section.3.5}{Coding\040Style}{chapter.3}% 11
\BOOKMARK [0][-]{chapter.4}{Individual\040Design\040Overview}{}% 12
\BOOKMARK [1][-]{section.4.1}{Toolchain\040and\040Libraries}{chapter.4}% 13
\BOOKMARK [1][-]{section.4.2}{RTOS\040Selection}{chapter.4}% 14
\BOOKMARK [1][-]{section.4.3}{Communication\040Protocols}{chapter.4}% 15
\BOOKMARK [1][-]{section.4.4}{Front\040End\040Control}{chapter.4}% 16
\BOOKMARK [1][-]{section.4.5}{Sampling}{chapter.4}% 17
\BOOKMARK [1][-]{section.4.6}{Touch\040Screen\040Interface}{chapter.4}% 18
\BOOKMARK [1][-]{section.4.7}{Function\040Generator\040Control}{chapter.4}% 19
\BOOKMARK [0][-]{chapter.5}{Individual\040Milestones}{}% 20
\BOOKMARK [0][-]{chapter.6}{Bibliography}{}% 21
